# JRE version: OpenJDK Runtime Environment Temurin-17.0.11+9 (17.0.11+9) (build 17.0.11+9)
# Java VM: OpenJDK 64-Bit Server VM Temurin-17.0.11+9 (17.0.11+9, mixed mode, tiered, compressed oops, compressed class ptrs, parallel gc, windows-amd64)
GC Precious Log:
 CPUs: 8 total, 8 available
 Memory: 32582M
 Large Page Support: Disabled
 NUMA Support: Disabled
 Compressed Oops: Enabled (32-bit)
 Alignments: Space 512K, Generation 512K, Heap 2M
 Heap Min Capacity: 100M
 Heap Initial Capacity: 100M
 Heap Max Capacity: 1G
 Pre-touch: Disabled
 Parallel Workers: 8
Heap:
 PSYoungGen      total 4096K, used 288K [0x00000000eab00000, 0x00000000eb080000, 0x0000000100000000)
  eden space 3584K, 0% used [0x00000000eab00000,0x00000000eab00000,0x00000000eae80000)
  from space 512K, 56% used [0x00000000eae80000,0x00000000eaec8000,0x00000000eaf00000)
  to   space 1024K, 0% used [0x00000000eaf80000,0x00000000eaf80000,0x00000000eb080000)
 ParOldGen       total 180224K, used 179984K [0x00000000c0000000, 0x00000000cb000000, 0x00000000eab00000)
  object space 180224K, 99% used [0x00000000c0000000,0x00000000cafc4228,0x00000000cb000000)
 Metaspace       used 106711K, committed 108160K, reserved 1179648K
  class space    used 10437K, committed 11008K, reserved 1048576K
GC Heap History (20 events):
Event: 1134528.442 GC heap after
{Heap after GC invocations=20892 (full 416):
 PSYoungGen      total 4096K, used 960K [0x00000000eab00000, 0x00000000eb000000, 0x0000000100000000)
  eden space 3072K, 0% used [0x00000000eab00000,0x00000000eab00000,0x00000000eae00000)
  from space 1024K, 93% used [0x00000000eaf00000,0x00000000eaff0000,0x00000000eb000000)
  to   space 1024K, 0% used [0x00000000eae00000,0x00000000eae00000,0x00000000eaf00000)
 ParOldGen       total 180224K, used 176474K [0x00000000c0000000, 0x00000000cb000000, 0x00000000eab00000)
  object space 180224K, 97% used [0x00000000c0000000,0x00000000cac56b60,0x00000000cb000000)
 Metaspace       used 106707K, committed 108160K, reserved 1179648K
  class space    used 10437K, committed 11008K, reserved 1048576K
}
Event: 1134528.445 GC heap before
{Heap before GC invocations=20893 (full 416):
 PSYoungGen      total 4096K, used 4032K [0x00000000eab00000, 0x00000000eb000000, 0x0000000100000000)
  eden space 3072K, 100% used [0x00000000eab00000,0x00000000eae00000,0x00000000eae00000)
  from space 1024K, 93% used [0x00000000eaf00000,0x00000000eaff0000,0x00000000eb000000)
  to   space 1024K, 0% used [0x00000000eae00000,0x00000000eae00000,0x00000000eaf00000)
 ParOldGen       total 180224K, used 176474K [0x00000000c0000000, 0x00000000cb000000, 0x00000000eab00000)
  object space 180224K, 97% used [0x00000000c0000000,0x00000000cac56b60,0x00000000cb000000)
 Metaspace       used 106707K, committed 108160K, reserved 1179648K
  class space    used 10437K, committed 11008K, reserved 1048576K
}
Event: 1134528.446 GC heap after
{Heap after GC invocations=20893 (full 416):
 PSYoungGen      total 4096K, used 960K [0x00000000eab00000, 0x00000000eb100000, 0x0000000100000000)
  eden space 3072K, 0% used [0x00000000eab00000,0x00000000eab00000,0x00000000eae00000)
  from space 1024K, 93% used [0x00000000eae00000,0x00000000eaef0000,0x00000000eaf00000)
  to   space 1024K, 0% used [0x00000000eb000000,0x00000000eb000000,0x00000000eb100000)
 ParOldGen       total 180224K, used 177082K [0x00000000c0000000, 0x00000000cb000000, 0x00000000eab00000)
  object space 180224K, 98% used [0x00000000c0000000,0x00000000caceeb90,0x00000000cb000000)
 Metaspace       used 106707K, committed 108160K, reserved 1179648K
  class space    used 10437K, committed 11008K, reserved 1048576K
}
Event: 1134528.517 GC heap before
{Heap before GC invocations=20894 (full 416):
 PSYoungGen      total 4096K, used 4032K [0x00000000eab00000, 0x00000000eb100000, 0x0000000100000000)
  eden space 3072K, 100% used [0x00000000eab00000,0x00000000eae00000,0x00000000eae00000)
  from space 1024K, 93% used [0x00000000eae00000,0x00000000eaef0000,0x00000000eaf00000)
  to   space 1024K, 0% used [0x00000000eb000000,0x00000000eb000000,0x00000000eb100000)
 ParOldGen       total 180224K, used 177082K [0x00000000c0000000, 0x00000000cb000000, 0x00000000eab00000)
  object space 180224K, 98% used [0x00000000c0000000,0x00000000caceeb90,0x00000000cb000000)
 Metaspace       used 106707K, committed 108160K, reserved 1179648K
  class space    used 10437K, committed 11008K, reserved 1048576K
}
Event: 1134528.518 GC heap after
{Heap after GC invocations=20894 (full 416):
 PSYoungGen      total 5120K, used 256K [0x00000000eab00000, 0x00000000eb100000, 0x0000000100000000)
  eden space 4096K, 0% used [0x00000000eab00000,0x00000000eab00000,0x00000000eaf00000)
  from space 1024K, 25% used [0x00000000eb000000,0x00000000eb040000,0x00000000eb100000)
  to   space 1024K, 0% used [0x00000000eaf00000,0x00000000eaf00000,0x00000000eb000000)
 ParOldGen       total 180224K, used 177890K [0x00000000c0000000, 0x00000000cb000000, 0x00000000eab00000)
  object space 180224K, 98% used [0x00000000c0000000,0x00000000cadb8b90,0x00000000cb000000)
 Metaspace       used 106707K, committed 108160K, reserved 1179648K
  class space    used 10437K, committed 11008K, reserved 1048576K
}
Event: 1134528.642 GC heap before
{Heap before GC invocations=20895 (full 416):
 PSYoungGen      total 5120K, used 4352K [0x00000000eab00000, 0x00000000eb100000, 0x0000000100000000)
  eden space 4096K, 100% used [0x00000000eab00000,0x00000000eaf00000,0x00000000eaf00000)
  from space 1024K, 25% used [0x00000000eb000000,0x00000000eb040000,0x00000000eb100000)
  to   space 1024K, 0% used [0x00000000eaf00000,0x00000000eaf00000,0x00000000eb000000)
 ParOldGen       total 180224K, used 177890K [0x00000000c0000000, 0x00000000cb000000, 0x00000000eab00000)
  object space 180224K, 98% used [0x00000000c0000000,0x00000000cadb8b90,0x00000000cb000000)
 Metaspace       used 106711K, committed 108160K, reserved 1179648K
  class space    used 10437K, committed 11008K, reserved 1048576K
}
Event: 1134528.643 GC heap after
{Heap after GC invocations=20895 (full 416):
 PSYoungGen      total 5120K, used 416K [0x00000000eab00000, 0x00000000eb080000, 0x0000000100000000)
  eden space 4096K, 0% used [0x00000000eab00000,0x00000000eab00000,0x00000000eaf00000)
  from space 1024K, 40% used [0x00000000eaf00000,0x00000000eaf68040,0x00000000eb000000)
  to   space 512K, 0% used [0x00000000eb000000,0x00000000eb000000,0x00000000eb080000)
 ParOldGen       total 180224K, used 178034K [0x00000000c0000000, 0x00000000cb000000, 0x00000000eab00000)
  object space 180224K, 98% used [0x00000000c0000000,0x00000000caddcb90,0x00000000cb000000)
 Metaspace       used 106711K, committed 108160K, reserved 1179648K
  class space    used 10437K, committed 11008K, reserved 1048576K
}
Event: 1134528.820 GC heap before
{Heap before GC invocations=20896 (full 416):
 PSYoungGen      total 5120K, used 4512K [0x00000000eab00000, 0x00000000eb080000, 0x0000000100000000)
  eden space 4096K, 100% used [0x00000000eab00000,0x00000000eaf00000,0x00000000eaf00000)
  from space 1024K, 40% used [0x00000000eaf00000,0x00000000eaf68040,0x00000000eb000000)
  to   space 512K, 0% used [0x00000000eb000000,0x00000000eb000000,0x00000000eb080000)
 ParOldGen       total 180224K, used 178034K [0x00000000c0000000, 0x00000000cb000000, 0x00000000eab00000)
  object space 180224K, 98% used [0x00000000c0000000,0x00000000caddcb90,0x00000000cb000000)
 Metaspace       used 106711K, committed 108160K, reserved 1179648K
  class space    used 10437K, committed 11008K, reserved 1048576K
}
Event: 1134528.821 GC heap after
{Heap after GC invocations=20896 (full 416):
 PSYoungGen      total 4608K, used 260K [0x00000000eab00000, 0x00000000eb080000, 0x0000000100000000)
  eden space 4096K, 0% used [0x00000000eab00000,0x00000000eab00000,0x00000000eaf00000)
  from space 512K, 50% used [0x00000000eb000000,0x00000000eb041210,0x00000000eb080000)
  to   space 512K, 0% used [0x00000000eaf80000,0x00000000eaf80000,0x00000000eb000000)
 ParOldGen       total 180224K, used 178179K [0x00000000c0000000, 0x00000000cb000000, 0x00000000eab00000)
  object space 180224K, 98% used [0x00000000c0000000,0x00000000cae00d38,0x00000000cb000000)
 Metaspace       used 106711K, committed 108160K, reserved 1179648K
  class space    used 10437K, committed 11008K, reserved 1048576K
}
Event: 1134528.828 GC heap before
{Heap before GC invocations=20897 (full 416):
 PSYoungGen      total 4608K, used 4356K [0x00000000eab00000, 0x00000000eb080000, 0x0000000100000000)
  eden space 4096K, 100% used [0x00000000eab00000,0x00000000eaf00000,0x00000000eaf00000)
  from space 512K, 50% used [0x00000000eb000000,0x00000000eb041210,0x00000000eb080000)
  to   space 512K, 0% used [0x00000000eaf80000,0x00000000eaf80000,0x00000000eb000000)
 ParOldGen       total 180224K, used 178179K [0x00000000c0000000, 0x00000000cb000000, 0x00000000eab00000)
  object space 180224K, 98% used [0x00000000c0000000,0x00000000cae00d38,0x00000000cb000000)
 Metaspace       used 106711K, committed 108160K, reserved 1179648K
  class space    used 10437K, committed 11008K, reserved 1048576K
}
Event: 1134528.829 GC heap after
{Heap after GC invocations=20897 (full 416):
 PSYoungGen      total 4608K, used 512K [0x00000000eab00000, 0x00000000eb100000, 0x0000000100000000)
  eden space 4096K, 0% used [0x00000000eab00000,0x00000000eab00000,0x00000000eaf00000)
  from space 512K, 100% used [0x00000000eaf80000,0x00000000eb000000,0x00000000eb000000)
  to   space 1024K, 0% used [0x00000000eb000000,0x00000000eb000000,0x00000000eb100000)
 ParOldGen       total 180224K, used 178359K [0x00000000c0000000, 0x00000000cb000000, 0x00000000eab00000)
  object space 180224K, 98% used [0x00000000c0000000,0x00000000cae2df58,0x00000000cb000000)
 Metaspace       used 106711K, committed 108160K, reserved 1179648K
  class space    used 10437K, committed 11008K, reserved 1048576K
}
Event: 1134528.991 GC heap before
{Heap before GC invocations=20898 (full 416):
 PSYoungGen      total 4608K, used 4607K [0x00000000eab00000, 0x00000000eb100000, 0x0000000100000000)
  eden space 4096K, 99% used [0x00000000eab00000,0x00000000eaeffff0,0x00000000eaf00000)
  from space 512K, 100% used [0x00000000eaf80000,0x00000000eb000000,0x00000000eb000000)
  to   space 1024K, 0% used [0x00000000eb000000,0x00000000eb000000,0x00000000eb100000)
 ParOldGen       total 180224K, used 178359K [0x00000000c0000000, 0x00000000cb000000, 0x00000000eab00000)
  object space 180224K, 98% used [0x00000000c0000000,0x00000000cae2df58,0x00000000cb000000)
 Metaspace       used 106711K, committed 108160K, reserved 1179648K
  class space    used 10437K, committed 11008K, reserved 1048576K
}
Event: 1134528.993 GC heap after
{Heap after GC invocations=20898 (full 416):
 PSYoungGen      total 4608K, used 320K [0x00000000eab00000, 0x00000000eb080000, 0x0000000100000000)
  eden space 4096K, 0% used [0x00000000eab00000,0x00000000eab00000,0x00000000eaf00000)
  from space 512K, 62% used [0x00000000eb000000,0x00000000eb050000,0x00000000eb080000)
  to   space 512K, 0% used [0x00000000eaf80000,0x00000000eaf80000,0x00000000eb000000)
 ParOldGen       total 180224K, used 178839K [0x00000000c0000000, 0x00000000cb000000, 0x00000000eab00000)
  object space 180224K, 99% used [0x00000000c0000000,0x00000000caea5f78,0x00000000cb000000)
 Metaspace       used 106711K, committed 108160K, reserved 1179648K
  class space    used 10437K, committed 11008K, reserved 1048576K
}
Event: 1134529.133 GC heap before
{Heap before GC invocations=20899 (full 416):
 PSYoungGen      total 4608K, used 4415K [0x00000000eab00000, 0x00000000eb080000, 0x0000000100000000)
  eden space 4096K, 99% used [0x00000000eab00000,0x00000000eaefffe8,0x00000000eaf00000)
  from space 512K, 62% used [0x00000000eb000000,0x00000000eb050000,0x00000000eb080000)
  to   space 512K, 0% used [0x00000000eaf80000,0x00000000eaf80000,0x00000000eb000000)
 ParOldGen       total 180224K, used 178839K [0x00000000c0000000, 0x00000000cb000000, 0x00000000eab00000)
  object space 180224K, 99% used [0x00000000c0000000,0x00000000caea5f78,0x00000000cb000000)
 Metaspace       used 106711K, committed 108160K, reserved 1179648K
  class space    used 10437K, committed 11008K, reserved 1048576K
}
Event: 1134529.134 GC heap after
{Heap after GC invocations=20899 (full 416):
 PSYoungGen      total 4608K, used 442K [0x00000000eab00000, 0x00000000eb080000, 0x0000000100000000)
  eden space 4096K, 0% used [0x00000000eab00000,0x00000000eab00000,0x00000000eaf00000)
  from space 512K, 86% used [0x00000000eaf80000,0x00000000eafee920,0x00000000eb000000)
  to   space 512K, 0% used [0x00000000eb000000,0x00000000eb000000,0x00000000eb080000)
 ParOldGen       total 180224K, used 178951K [0x00000000c0000000, 0x00000000cb000000, 0x00000000eab00000)
  object space 180224K, 99% used [0x00000000c0000000,0x00000000caec1f98,0x00000000cb000000)
 Metaspace       used 106711K, committed 108160K, reserved 1179648K
  class space    used 10437K, committed 11008K, reserved 1048576K
}
Event: 1134529.138 GC heap before
{Heap before GC invocations=20900 (full 416):
 PSYoungGen      total 4608K, used 4538K [0x00000000eab00000, 0x00000000eb080000, 0x0000000100000000)
  eden space 4096K, 100% used [0x00000000eab00000,0x00000000eaf00000,0x00000000eaf00000)
  from space 512K, 86% used [0x00000000eaf80000,0x00000000eafee920,0x00000000eb000000)
  to   space 512K, 0% used [0x00000000eb000000,0x00000000eb000000,0x00000000eb080000)
 ParOldGen       total 180224K, used 178951K [0x00000000c0000000, 0x00000000cb000000, 0x00000000eab00000)
  object space 180224K, 99% used [0x00000000c0000000,0x00000000caec1f98,0x00000000cb000000)
 Metaspace       used 106711K, committed 108160K, reserved 1179648K
  class space    used 10437K, committed 11008K, reserved 1048576K
}
Event: 1134529.139 GC heap after
{Heap after GC invocations=20900 (full 416):
 PSYoungGen      total 4096K, used 512K [0x00000000eab00000, 0x00000000eb200000, 0x0000000100000000)
  eden space 3584K, 0% used [0x00000000eab00000,0x00000000eab00000,0x00000000eae80000)
  from space 512K, 100% used [0x00000000eb000000,0x00000000eb080000,0x00000000eb080000)
  to   space 1536K, 0% used [0x00000000eae80000,0x00000000eae80000,0x00000000eb000000)
 ParOldGen       total 180224K, used 179440K [0x00000000c0000000, 0x00000000cb000000, 0x00000000eab00000)
  object space 180224K, 99% used [0x00000000c0000000,0x00000000caf3c228,0x00000000cb000000)
 Metaspace       used 106711K, committed 108160K, reserved 1179648K
  class space    used 10437K, committed 11008K, reserved 1048576K
}
Event: 1134529.331 GC heap before
{Heap before GC invocations=20901 (full 416):
 PSYoungGen      total 4096K, used 4096K [0x00000000eab00000, 0x00000000eb200000, 0x0000000100000000)
  eden space 3584K, 100% used [0x00000000eab00000,0x00000000eae80000,0x00000000eae80000)
  from space 512K, 100% used [0x00000000eb000000,0x00000000eb080000,0x00000000eb080000)
  to   space 1536K, 0% used [0x00000000eae80000,0x00000000eae80000,0x00000000eb000000)
 ParOldGen       total 180224K, used 179440K [0x00000000c0000000, 0x00000000cb000000, 0x00000000eab00000)
  object space 180224K, 99% used [0x00000000c0000000,0x00000000caf3c228,0x00000000cb000000)
 Metaspace       used 106711K, committed 108160K, reserved 1179648K
  class space    used 10437K, committed 11008K, reserved 1048576K
}
Event: 1134529.332 GC heap after
{Heap after GC invocations=20901 (full 416):
 PSYoungGen      total 4096K, used 288K [0x00000000eab00000, 0x00000000eb080000, 0x0000000100000000)
  eden space 3584K, 0% used [0x00000000eab00000,0x00000000eab00000,0x00000000eae80000)
  from space 512K, 56% used [0x00000000eae80000,0x00000000eaec8000,0x00000000eaf00000)
  to   space 1024K, 0% used [0x00000000eaf80000,0x00000000eaf80000,0x00000000eb080000)
 ParOldGen       total 180224K, used 179984K [0x00000000c0000000, 0x00000000cb000000, 0x00000000eab00000)
  object space 180224K, 99% used [0x00000000c0000000,0x00000000cafc4228,0x00000000cb000000)
 Metaspace       used 106711K, committed 108160K, reserved 1179648K
  class space    used 10437K, committed 11008K, reserved 1048576K
}
Event: 1134529.332 GC heap before
{Heap before GC invocations=20902 (full 417):
 PSYoungGen      total 4096K, used 288K [0x00000000eab00000, 0x00000000eb080000, 0x0000000100000000)
  eden space 3584K, 0% used [0x00000000eab00000,0x00000000eab00000,0x00000000eae80000)
  from space 512K, 56% used [0x00000000eae80000,0x00000000eaec8000,0x00000000eaf00000)
  to   space 1024K, 0% used [0x00000000eaf80000,0x00000000eaf80000,0x00000000eb080000)
 ParOldGen       total 180224K, used 179984K [0x00000000c0000000, 0x00000000cb000000, 0x00000000eab00000)
  object space 180224K, 99% used [0x00000000c0000000,0x00000000cafc4228,0x00000000cb000000)
 Metaspace       used 106711K, committed 108160K, reserved 1179648K
  class space    used 10437K, committed 11008K, reserved 1048576K
}

