# JRE version: OpenJDK Runtime Environment Temurin-17.0.11+9 (17.0.11+9) (build 17.0.11+9)
# Java VM: OpenJDK 64-Bit Server VM Temurin-17.0.11+9 (17.0.11+9, mixed mode, emulated-client, tiered, compressed oops, compressed class ptrs, g1 gc, windows-amd64)
GC Precious Log:
 CPUs: 8 total, 8 available
 Memory: 32582M
 Large Page Support: Disabled
 NUMA Support: Disabled
 Compressed Oops: Enabled (32-bit)
 Heap Region Size: 1M
 Heap Min Capacity: 8M
 Heap Initial Capacity: 510M
 Heap Max Capacity: 1G
 Pre-touch: Disabled
 Parallel Workers: 8
 Concurrent Workers: 2
 Concurrent Refinement Workers: 8
 Periodic GC: Disabled
Heap:
 garbage-first heap   total 78848K, used 25669K [0x00000000c0000000, 0x0000000100000000)
  region size 1024K, 1 young (1024K), 0 survivors (0K)
 Metaspace       used 41817K, committed 42240K, reserved 1114112K
  class space    used 5375K, committed 5568K, reserved 1048576K
GC Heap History (20 events):
Event: 91001.050 GC heap after
{Heap after GC invocations=1205 (full 1195):
 garbage-first heap   total 78848K, used 25883K [0x00000000c0000000, 0x0000000100000000)
  region size 1024K, 0 young (0K), 0 survivors (0K)
 Metaspace       used 41830K, committed 42240K, reserved 1114112K
  class space    used 5379K, committed 5568K, reserved 1048576K
}
Event: 91011.207 GC heap before
{Heap before GC invocations=1205 (full 1195):
 garbage-first heap   total 78848K, used 25883K [0x00000000c0000000, 0x0000000100000000)
  region size 1024K, 1 young (1024K), 0 survivors (0K)
 Metaspace       used 41830K, committed 42240K, reserved 1114112K
  class space    used 5379K, committed 5568K, reserved 1048576K
}
Event: 91011.232 GC heap after
{Heap after GC invocations=1206 (full 1196):
 garbage-first heap   total 78848K, used 25519K [0x00000000c0000000, 0x0000000100000000)
  region size 1024K, 0 young (0K), 0 survivors (0K)
 Metaspace       used 41817K, committed 42240K, reserved 1114112K
  class space    used 5375K, committed 5568K, reserved 1048576K
}
Event: 91021.410 GC heap before
{Heap before GC invocations=1206 (full 1196):
 garbage-first heap   total 78848K, used 25519K [0x00000000c0000000, 0x0000000100000000)
  region size 1024K, 1 young (1024K), 0 survivors (0K)
 Metaspace       used 41817K, committed 42240K, reserved 1114112K
  class space    used 5375K, committed 5568K, reserved 1048576K
}
Event: 91021.438 GC heap after
{Heap after GC invocations=1207 (full 1197):
 garbage-first heap   total 78848K, used 25515K [0x00000000c0000000, 0x0000000100000000)
  region size 1024K, 0 young (0K), 0 survivors (0K)
 Metaspace       used 41817K, committed 42240K, reserved 1114112K
  class space    used 5375K, committed 5568K, reserved 1048576K
}
Event: 91031.580 GC heap before
{Heap before GC invocations=1207 (full 1197):
 garbage-first heap   total 78848K, used 25515K [0x00000000c0000000, 0x0000000100000000)
  region size 1024K, 1 young (1024K), 0 survivors (0K)
 Metaspace       used 41817K, committed 42240K, reserved 1114112K
  class space    used 5375K, committed 5568K, reserved 1048576K
}
Event: 91031.599 GC heap after
{Heap after GC invocations=1208 (full 1198):
 garbage-first heap   total 78848K, used 25515K [0x00000000c0000000, 0x0000000100000000)
  region size 1024K, 0 young (0K), 0 survivors (0K)
 Metaspace       used 41817K, committed 42240K, reserved 1114112K
  class space    used 5375K, committed 5568K, reserved 1048576K
}
Event: 91041.746 GC heap before
{Heap before GC invocations=1208 (full 1198):
 garbage-first heap   total 78848K, used 25515K [0x00000000c0000000, 0x0000000100000000)
  region size 1024K, 1 young (1024K), 0 survivors (0K)
 Metaspace       used 41817K, committed 42240K, reserved 1114112K
  class space    used 5375K, committed 5568K, reserved 1048576K
}
Event: 91041.770 GC heap after
{Heap after GC invocations=1209 (full 1199):
 garbage-first heap   total 78848K, used 25515K [0x00000000c0000000, 0x0000000100000000)
  region size 1024K, 0 young (0K), 0 survivors (0K)
 Metaspace       used 41817K, committed 42240K, reserved 1114112K
  class space    used 5375K, committed 5568K, reserved 1048576K
}
Event: 91051.895 GC heap before
{Heap before GC invocations=1209 (full 1199):
 garbage-first heap   total 78848K, used 25515K [0x00000000c0000000, 0x0000000100000000)
  region size 1024K, 1 young (1024K), 0 survivors (0K)
 Metaspace       used 41817K, committed 42240K, reserved 1114112K
  class space    used 5375K, committed 5568K, reserved 1048576K
}
Event: 91051.913 GC heap after
{Heap after GC invocations=1210 (full 1200):
 garbage-first heap   total 78848K, used 25515K [0x00000000c0000000, 0x0000000100000000)
  region size 1024K, 0 young (0K), 0 survivors (0K)
 Metaspace       used 41817K, committed 42240K, reserved 1114112K
  class space    used 5375K, committed 5568K, reserved 1048576K
}
Event: 91062.059 GC heap before
{Heap before GC invocations=1210 (full 1200):
 garbage-first heap   total 78848K, used 25515K [0x00000000c0000000, 0x0000000100000000)
  region size 1024K, 1 young (1024K), 0 survivors (0K)
 Metaspace       used 41817K, committed 42240K, reserved 1114112K
  class space    used 5375K, committed 5568K, reserved 1048576K
}
Event: 91062.077 GC heap after
{Heap after GC invocations=1211 (full 1201):
 garbage-first heap   total 78848K, used 25515K [0x00000000c0000000, 0x0000000100000000)
  region size 1024K, 0 young (0K), 0 survivors (0K)
 Metaspace       used 41817K, committed 42240K, reserved 1114112K
  class space    used 5375K, committed 5568K, reserved 1048576K
}
Event: 91072.202 GC heap before
{Heap before GC invocations=1211 (full 1201):
 garbage-first heap   total 78848K, used 25515K [0x00000000c0000000, 0x0000000100000000)
  region size 1024K, 1 young (1024K), 0 survivors (0K)
 Metaspace       used 41817K, committed 42240K, reserved 1114112K
  class space    used 5375K, committed 5568K, reserved 1048576K
}
Event: 91072.219 GC heap after
{Heap after GC invocations=1212 (full 1202):
 garbage-first heap   total 78848K, used 25515K [0x00000000c0000000, 0x0000000100000000)
  region size 1024K, 0 young (0K), 0 survivors (0K)
 Metaspace       used 41817K, committed 42240K, reserved 1114112K
  class space    used 5375K, committed 5568K, reserved 1048576K
}
Event: 91082.351 GC heap before
{Heap before GC invocations=1212 (full 1202):
 garbage-first heap   total 78848K, used 25515K [0x00000000c0000000, 0x0000000100000000)
  region size 1024K, 1 young (1024K), 0 survivors (0K)
 Metaspace       used 41817K, committed 42240K, reserved 1114112K
  class space    used 5375K, committed 5568K, reserved 1048576K
}
Event: 91082.368 GC heap after
{Heap after GC invocations=1213 (full 1203):
 garbage-first heap   total 78848K, used 25515K [0x00000000c0000000, 0x0000000100000000)
  region size 1024K, 0 young (0K), 0 survivors (0K)
 Metaspace       used 41817K, committed 42240K, reserved 1114112K
  class space    used 5375K, committed 5568K, reserved 1048576K
}
Event: 91092.489 GC heap before
{Heap before GC invocations=1213 (full 1203):
 garbage-first heap   total 78848K, used 25515K [0x00000000c0000000, 0x0000000100000000)
  region size 1024K, 1 young (1024K), 0 survivors (0K)
 Metaspace       used 41817K, committed 42240K, reserved 1114112K
  class space    used 5375K, committed 5568K, reserved 1048576K
}
Event: 91092.506 GC heap after
{Heap after GC invocations=1214 (full 1204):
 garbage-first heap   total 78848K, used 25515K [0x00000000c0000000, 0x0000000100000000)
  region size 1024K, 0 young (0K), 0 survivors (0K)
 Metaspace       used 41817K, committed 42240K, reserved 1114112K
  class space    used 5375K, committed 5568K, reserved 1048576K
}
Event: 91102.681 GC heap before
{Heap before GC invocations=1214 (full 1204):
 garbage-first heap   total 78848K, used 25515K [0x00000000c0000000, 0x0000000100000000)
  region size 1024K, 1 young (1024K), 0 survivors (0K)
 Metaspace       used 41817K, committed 42240K, reserved 1114112K
  class space    used 5375K, committed 5568K, reserved 1048576K
}

